[debug] [2025-10-18T23:44:54.030Z] ----------------------------------------------------------------------
[debug] [2025-10-18T23:44:54.034Z] Command:       C:\Program Files\nodejs\node.exe C:\Users\jatan\AppData\Roaming\npm\node_modules\firebase-tools\lib\bin\firebase.js emulators:start
[debug] [2025-10-18T23:44:54.034Z] CLI Version:   14.19.1
[debug] [2025-10-18T23:44:54.035Z] Platform:      win32
[debug] [2025-10-18T23:44:54.035Z] Node Version:  v22.20.0
[debug] [2025-10-18T23:44:54.035Z] Time:          Sat Oct 18 2025 19:44:54 GMT-0400 (Eastern Daylight Saving Time)
[debug] [2025-10-18T23:44:54.035Z] ----------------------------------------------------------------------
[debug] 
[debug] [2025-10-18T23:44:54.037Z] >>> [apiv2][query] GET https://firebase-public.firebaseio.com/cli.json [none]
[debug] [2025-10-18T23:44:54.318Z] > command requires scopes: ["email","openid","https://www.googleapis.com/auth/cloudplatformprojects.readonly","https://www.googleapis.com/auth/firebase","https://www.googleapis.com/auth/cloud-platform"]
[debug] [2025-10-18T23:44:54.318Z] > authorizing via signed-in user (jatan2745@gmail.com)
[info] i  emulators: Starting emulators: functions, hosting, extensions {"metadata":{"emulator":{"name":"hub"},"message":"Starting emulators: functions, hosting, extensions"}}
[debug] [2025-10-18T23:44:54.323Z] Checked if tokens are valid: false, expires at: 1760724835435
[debug] [2025-10-18T23:44:54.323Z] Checked if tokens are valid: false, expires at: 1760724835435
[debug] [2025-10-18T23:44:54.324Z] > refreshing access token with scopes: []
[debug] [2025-10-18T23:44:54.326Z] >>> [apiv2][query] POST https://www.googleapis.com/oauth2/v3/token [none]
[debug] [2025-10-18T23:44:54.326Z] >>> [apiv2][body] POST https://www.googleapis.com/oauth2/v3/token [omitted]
[debug] [2025-10-18T23:44:54.646Z] <<< [apiv2][status] GET https://firebase-public.firebaseio.com/cli.json 200
[debug] [2025-10-18T23:44:54.646Z] <<< [apiv2][body] GET https://firebase-public.firebaseio.com/cli.json {"cloudBuildErrorAfter":1594252800000,"cloudBuildWarnAfter":1590019200000,"defaultNode10After":1594252800000,"minVersion":"3.0.5","node8DeploysDisabledAfter":1613390400000,"node8RuntimeDisabledAfter":1615809600000,"node8WarnAfter":1600128000000}
[debug] [2025-10-18T23:44:54.714Z] <<< [apiv2][status] POST https://www.googleapis.com/oauth2/v3/token 200
[debug] [2025-10-18T23:44:54.714Z] <<< [apiv2][body] POST https://www.googleapis.com/oauth2/v3/token [omitted]
[debug] [2025-10-18T23:44:54.720Z] >>> [apiv2][query] GET https://cloudresourcemanager.googleapis.com/v1/projects/clone-fe64c [none]
[debug] [2025-10-18T23:44:55.006Z] <<< [apiv2][status] GET https://cloudresourcemanager.googleapis.com/v1/projects/clone-fe64c 200
[debug] [2025-10-18T23:44:55.006Z] <<< [apiv2][body] GET https://cloudresourcemanager.googleapis.com/v1/projects/clone-fe64c {"projectNumber":"581878934549","projectId":"clone-fe64c","lifecycleState":"ACTIVE","name":"AmazonCloneJasonTan","labels":{"firebase":"enabled","firebase-core":"disabled"},"createTime":"2025-10-01T20:39:16.243390Z"}
[debug] [2025-10-18T23:44:55.025Z] [logging] Logging Emulator only supports listening on one address (127.0.0.1). Not listening on ::1
[debug] [2025-10-18T23:44:55.025Z] [hosting] Hosting Emulator only supports listening on one address (127.0.0.1). Not listening on ::1
[debug] [2025-10-18T23:44:55.025Z] assigned listening specs for emulators {"user":{"hub":[{"address":"127.0.0.1","family":"IPv4","port":4400},{"address":"::1","family":"IPv6","port":4400}],"ui":[{"address":"127.0.0.1","family":"IPv4","port":4000},{"address":"::1","family":"IPv6","port":4000}],"logging":[{"address":"127.0.0.1","family":"IPv4","port":4500}],"hosting":[{"address":"127.0.0.1","family":"IPv4","port":5000}]},"metadata":{"message":"assigned listening specs for emulators"}}
[debug] [2025-10-18T23:44:55.032Z] Emulator locator file path: C:\Users\jatan\AppData\Local\Temp\hub-clone-fe64c.json
[debug] [2025-10-18T23:44:55.033Z] [hub] writing locator at C:\Users\jatan\AppData\Local\Temp\hub-clone-fe64c.json
[debug] [2025-10-18T23:44:55.044Z] [Extensions] Started Extensions emulator, this is a noop.
[debug] [2025-10-18T23:44:55.049Z] [functions] Functions Emulator only supports listening on one address (127.0.0.1). Not listening on ::1
[debug] [2025-10-18T23:44:55.049Z] [eventarc] Eventarc Emulator only supports listening on one address (127.0.0.1). Not listening on ::1
[debug] [2025-10-18T23:44:55.050Z] [tasks] Cloud Tasks Emulator only supports listening on one address (127.0.0.1). Not listening on ::1
[debug] [2025-10-18T23:44:55.050Z] late-assigned ports for functions and eventarc emulators {"user":{"hub":[{"address":"127.0.0.1","family":"IPv4","port":4400},{"address":"::1","family":"IPv6","port":4400}],"ui":[{"address":"127.0.0.1","family":"IPv4","port":4000},{"address":"::1","family":"IPv6","port":4000}],"logging":[{"address":"127.0.0.1","family":"IPv4","port":4500}],"hosting":[{"address":"127.0.0.1","family":"IPv4","port":5000}],"functions":[{"address":"127.0.0.1","family":"IPv4","port":5001}],"eventarc":[{"address":"127.0.0.1","family":"IPv4","port":9299}],"tasks":[{"address":"127.0.0.1","family":"IPv4","port":9499}]},"metadata":{"message":"late-assigned ports for functions and eventarc emulators"}}
[warn] !  functions: The following emulators are not running, calls to these services from the Functions emulator will affect production: apphosting, auth, firestore, database, pubsub, storage, dataconnect {"metadata":{"emulator":{"name":"functions"},"message":"The following emulators are not running, calls to these services from the Functions emulator will affect production: \u001b[1mapphosting, auth, firestore, database, pubsub, storage, dataconnect\u001b[22m"}}
[debug] [2025-10-18T23:44:55.069Z] defaultcredentials: writing to file C:\Users\jatan\AppData\Roaming\firebase\jatan2745_gmail_com_application_default_credentials.json
[debug] [2025-10-18T23:44:55.072Z] Setting GAC to C:\Users\jatan\AppData\Roaming\firebase\jatan2745_gmail_com_application_default_credentials.json {"metadata":{"emulator":{"name":"functions"},"message":"Setting GAC to C:\\Users\\jatan\\AppData\\Roaming\\firebase\\jatan2745_gmail_com_application_default_credentials.json"}}
[debug] [2025-10-18T23:44:55.072Z] Checked if tokens are valid: true, expires at: 1760834693714
[debug] [2025-10-18T23:44:55.072Z] Checked if tokens are valid: true, expires at: 1760834693714
[debug] [2025-10-18T23:44:55.073Z] >>> [apiv2][query] GET https://firebase.googleapis.com/v1beta1/projects/clone-fe64c/adminSdkConfig [none]
[debug] [2025-10-18T23:44:55.412Z] <<< [apiv2][status] GET https://firebase.googleapis.com/v1beta1/projects/clone-fe64c/adminSdkConfig 200
[debug] [2025-10-18T23:44:55.412Z] <<< [apiv2][body] GET https://firebase.googleapis.com/v1beta1/projects/clone-fe64c/adminSdkConfig {"projectId":"clone-fe64c","storageBucket":"clone-fe64c.firebasestorage.app"}
[debug] [2025-10-18T23:44:55.429Z] Checked if tokens are valid: true, expires at: 1760834693714
[debug] [2025-10-18T23:44:55.429Z] Checked if tokens are valid: true, expires at: 1760834693714
[debug] [2025-10-18T23:44:55.429Z] >>> [apiv2][query] GET https://firebasehosting.googleapis.com/v1beta1/projects/clone-fe64c/sites 
[debug] [2025-10-18T23:44:55.874Z] <<< [apiv2][status] GET https://firebasehosting.googleapis.com/v1beta1/projects/clone-fe64c/sites 200
[debug] [2025-10-18T23:44:55.875Z] <<< [apiv2][body] GET https://firebasehosting.googleapis.com/v1beta1/projects/clone-fe64c/sites {"sites":[{"name":"projects/clone-fe64c/sites/clone-fe64c","defaultUrl":"https://clone-fe64c.web.app","appId":"1:581878934549:web:d5a2148bf2653d1c3ef21c","type":"DEFAULT_SITE"}]}
[debug] [2025-10-18T23:44:55.875Z] Checked if tokens are valid: true, expires at: 1760834693714
[debug] [2025-10-18T23:44:55.875Z] Checked if tokens are valid: true, expires at: 1760834693714
[debug] [2025-10-18T23:44:55.875Z] >>> [apiv2][query] GET https://firebase.googleapis.com/v1beta1/projects/clone-fe64c/webApps/1:581878934549:web:d5a2148bf2653d1c3ef21c/config [none]
[debug] [2025-10-18T23:44:56.234Z] <<< [apiv2][status] GET https://firebase.googleapis.com/v1beta1/projects/clone-fe64c/webApps/1:581878934549:web:d5a2148bf2653d1c3ef21c/config 200
[debug] [2025-10-18T23:44:56.235Z] <<< [apiv2][body] GET https://firebase.googleapis.com/v1beta1/projects/clone-fe64c/webApps/1:581878934549:web:d5a2148bf2653d1c3ef21c/config {"projectId":"clone-fe64c","appId":"1:581878934549:web:d5a2148bf2653d1c3ef21c","storageBucket":"clone-fe64c.firebasestorage.app","apiKey":"AIzaSyBGKIMmY7Q0onblhXkThFcWgP74CmNxqhY","authDomain":"clone-fe64c.firebaseapp.com","messagingSenderId":"581878934549","measurementId":"G-6FBJRP5R2E","projectNumber":"581878934549","version":"2"}
[debug] [2025-10-18T23:44:56.240Z] Checked if tokens are valid: true, expires at: 1760834693714
[debug] [2025-10-18T23:44:56.240Z] Checked if tokens are valid: true, expires at: 1760834693714
[debug] [2025-10-18T23:44:56.240Z] >>> [apiv2][query] GET https://firebase.googleapis.com/v1beta1/projects/clone-fe64c [none]
[debug] [2025-10-18T23:44:56.364Z] <<< [apiv2][status] GET https://firebase.googleapis.com/v1beta1/projects/clone-fe64c 200
[debug] [2025-10-18T23:44:56.364Z] <<< [apiv2][body] GET https://firebase.googleapis.com/v1beta1/projects/clone-fe64c {"projectId":"clone-fe64c","projectNumber":"581878934549","displayName":"AmazonCloneJasonTan","name":"projects/clone-fe64c","resources":{"hostingSite":"clone-fe64c"},"state":"ACTIVE","etag":"1_4b0dec3d-dad5-4979-996a-0c2d0ff60ca2"}
[info] i  hosting[clone-fe64c]: Serving hosting files from: build {"metadata":{"emulator":{"name":"hosting"},"message":"Serving hosting files from: \u001b[1mbuild\u001b[22m"}}
[info] +  hosting[clone-fe64c]: Local server: http://127.0.0.1:5000 {"metadata":{"emulator":{"name":"hosting"},"message":"Local server: \u001b[4m\u001b[1mhttp://127.0.0.1:5000\u001b[22m\u001b[24m"}}
[debug] [2025-10-18T23:44:56.389Z] [Extensions] Connecting Extensions emulator, this is a noop.
[info] i  functions: Watching "C:\Users\jatan\OneDrive\Desktop\AmazonClone\amazon-clone\functions" for Cloud Functions... {"metadata":{"emulator":{"name":"functions"},"message":"Watching \"C:\\Users\\jatan\\OneDrive\\Desktop\\AmazonClone\\amazon-clone\\functions\" for Cloud Functions..."}}
[debug] [2025-10-18T23:44:56.398Z] Validating nodejs source
[debug] [2025-10-18T23:44:57.181Z] > [functions] package.json contents: {
  "name": "functions",
  "description": "Cloud Functions for Firebase",
  "scripts": {
    "lint": "eslint .",
    "serve": "firebase emulators:start --only functions",
    "shell": "firebase functions:shell",
    "start": "npm run shell",
    "deploy": "firebase deploy --only functions",
    "logs": "firebase functions:log"
  },
  "engines": {
    "node": "22"
  },
  "main": "index.js",
  "dependencies": {
    "cors": "^2.8.5",
    "dotenv": "^17.2.3",
    "express": "^5.1.0",
    "firebase-admin": "^12.6.0",
    "firebase-functions": "^6.0.1",
    "stripe": "^19.1.0"
  },
  "devDependencies": {
    "eslint": "^8.15.0",
    "eslint-config-google": "^0.14.0",
    "firebase-functions-test": "^3.1.0"
  },
  "private": true
}
[debug] [2025-10-18T23:44:57.181Z] Building nodejs source
[debug] [2025-10-18T23:44:57.182Z] Failed to find version of module node: reached end of search path C:\Users\jatan\OneDrive\Desktop\AmazonClone\amazon-clone\functions\node_modules
[info] +  functions: Using node@22 from host. 
[info] i  functions: Loaded environment variables from .env. 
[debug] [2025-10-18T23:44:57.185Z] Could not find functions.yaml. Must use http discovery
[debug] [2025-10-18T23:44:57.194Z] Found firebase-functions binary at 'C:\Users\jatan\OneDrive\Desktop\AmazonClone\amazon-clone\functions\node_modules\.bin\firebase-functions'
[info] Serving at port 8043

[info] [dotenv@17.2.3] injecting env (1) from .env -- tip: ⚙️  enable debug logging with { debug: true }

[debug] [2025-10-18T23:44:58.412Z] Got response from /__/functions.yaml {"endpoints":{"api":{"availableMemoryMb":null,"timeoutSeconds":null,"minInstances":null,"maxInstances":null,"ingressSettings":null,"concurrency":null,"serviceAccountEmail":null,"vpc":null,"platform":"gcfv2","labels":{},"httpsTrigger":{},"entryPoint":"api"}},"specVersion":"v1alpha1","requiredAPIs":[],"extensions":{}}
[debug] [2025-10-18T23:45:02.458Z] defaultcredentials: writing to file C:\Users\jatan\AppData\Roaming\firebase\jatan2745_gmail_com_application_default_credentials.json
[debug] [2025-10-18T23:45:02.459Z] Setting GAC to C:\Users\jatan\AppData\Roaming\firebase\jatan2745_gmail_com_application_default_credentials.json {"metadata":{"emulator":{"name":"functions"},"message":"Setting GAC to C:\\Users\\jatan\\AppData\\Roaming\\firebase\\jatan2745_gmail_com_application_default_credentials.json"}}
[info] +  functions: Loaded functions definitions from source: api. {"metadata":{"emulator":{"name":"functions"},"message":"Loaded functions definitions from source: api."}}
[info] +  functions[us-central1-api]: http function initialized (http://127.0.0.1:5001/clone-fe64c/us-central1/api). {"metadata":{"emulator":{"name":"functions"},"message":"\u001b[1mhttp\u001b[22m function initialized (http://127.0.0.1:5001/clone-fe64c/us-central1/api)."}}
[debug] [2025-10-18T23:45:02.468Z] Could not find VSCode notification endpoint: FetchError: request to http://localhost:40001/vscode/notify failed, reason: . If you are not running the Firebase Data Connect VSCode extension, this is expected and not an issue.
[info] 
┌─────────────────────────────────────────────────────────────┐
│ ✔  All emulators ready! It is now safe to connect your app. │
│ i  View Emulator UI at http://127.0.0.1:4000/               │
└─────────────────────────────────────────────────────────────┘

┌────────────┬────────────────┬──────────────────────────────────┐
│ Emulator   │ Host:Port      │ View in Emulator UI              │
├────────────┼────────────────┼──────────────────────────────────┤
│ Functions  │ 127.0.0.1:5001 │ http://127.0.0.1:4000/functions  │
├────────────┼────────────────┼──────────────────────────────────┤
│ Hosting    │ 127.0.0.1:5000 │ n/a                              │
├────────────┼────────────────┼──────────────────────────────────┤
│ Extensions │ 127.0.0.1:5001 │ http://127.0.0.1:4000/extensions │
└────────────┴────────────────┴──────────────────────────────────┘
  Emulator Hub host: 127.0.0.1 port: 4400
  Other reserved ports: 4500
┌─────────────────────────┬───────────────┬─────────────────────┐
│ Extension Instance Name │ Extension Ref │ View in Emulator UI │
└─────────────────────────┴───────────────┴─────────────────────┘
Issues? Report them at https://github.com/firebase/firebase-tools/issues and attach the *-debug.log files.
 
[debug] [2025-10-18T23:45:26.887Z] [work-queue] {"queuedWork":["/clone-fe64c/us-central1/api/payments/create-2025-10-18T23:45:26.886Z"],"queueLength":1,"runningWork":[],"workRunningCount":0}
[debug] [2025-10-18T23:45:26.887Z] [work-queue] {"queuedWork":[],"queueLength":0,"runningWork":["/clone-fe64c/us-central1/api/payments/create-2025-10-18T23:45:26.886Z"],"workRunningCount":1}
[debug] [2025-10-18T23:45:26.888Z] Accepted request POST /clone-fe64c/us-central1/api/payments/create?total=47800 --> us-central1-api
[debug] [2025-10-18T23:45:26.893Z] [functions] Runtime ready! Sending request! {"metadata":{"emulator":{"name":"functions"},"message":"[functions] Runtime ready! Sending request!"}}
[debug] [2025-10-18T23:45:26.895Z] [functions] Got req.url=/clone-fe64c/us-central1/api/payments/create?total=47800, mapping to path=/payments/create?total=47800 {"metadata":{"emulator":{"name":"functions"},"message":"[functions] Got req.url=/clone-fe64c/us-central1/api/payments/create?total=47800, mapping to path=/payments/create?total=47800"}}
[info] i  functions: Loaded environment variables from .env. 
[debug] [2025-10-18T23:45:26.916Z] [worker-pool] addWorker(us-central1-api) {"metadata":{"emulator":{"name":"functions"},"message":"[worker-pool] addWorker(us-central1-api)"}}
[debug] [2025-10-18T23:45:26.918Z] [worker-pool] Adding worker with key us-central1-api, total=1 {"metadata":{"emulator":{"name":"functions"},"message":"[worker-pool] Adding worker with key us-central1-api, total=1"}}
[debug] [2025-10-18T23:45:26.924Z] [work-queue] {"queuedWork":["/clone-fe64c/us-central1/api/payments/create-2025-10-18T23:45:26.924Z"],"queueLength":1,"runningWork":["/clone-fe64c/us-central1/api/payments/create-2025-10-18T23:45:26.886Z"],"workRunningCount":1}
[debug] [2025-10-18T23:45:26.924Z] [work-queue] {"queuedWork":[],"queueLength":0,"runningWork":["/clone-fe64c/us-central1/api/payments/create-2025-10-18T23:45:26.886Z","/clone-fe64c/us-central1/api/payments/create-2025-10-18T23:45:26.924Z"],"workRunningCount":2}
[debug] [2025-10-18T23:45:26.924Z] Accepted request POST /clone-fe64c/us-central1/api/payments/create?total=47800 --> us-central1-api
[debug] [2025-10-18T23:45:26.927Z] [functions] Runtime ready! Sending request! {"metadata":{"emulator":{"name":"functions"},"message":"[functions] Runtime ready! Sending request!"}}
[debug] [2025-10-18T23:45:26.927Z] [functions] Got req.url=/clone-fe64c/us-central1/api/payments/create?total=47800, mapping to path=/payments/create?total=47800 {"metadata":{"emulator":{"name":"functions"},"message":"[functions] Got req.url=/clone-fe64c/us-central1/api/payments/create?total=47800, mapping to path=/payments/create?total=47800"}}
[info] i  functions: Loaded environment variables from .env. 
[debug] [2025-10-18T23:45:26.938Z] [worker-pool] addWorker(us-central1-api) {"metadata":{"emulator":{"name":"functions"},"message":"[worker-pool] addWorker(us-central1-api)"}}
[debug] [2025-10-18T23:45:26.939Z] [worker-pool] Adding worker with key us-central1-api, total=2 {"metadata":{"emulator":{"name":"functions"},"message":"[worker-pool] Adding worker with key us-central1-api, total=2"}}
[debug] [2025-10-18T23:45:28.065Z] [runtime-status] [24340] Resolved module firebase-admin {"declared":true,"installed":true,"version":"12.7.0","resolution":"C:\\Users\\jatan\\OneDrive\\Desktop\\AmazonClone\\amazon-clone\\functions\\node_modules\\firebase-admin\\lib\\index.js"} {"metadata":{"emulator":{"name":"functions"},"function":{"name":"us-central1-api"},"extension":{},"message":"[runtime-status] [24340] Resolved module firebase-admin {\"declared\":true,\"installed\":true,\"version\":\"12.7.0\",\"resolution\":\"C:\\\\Users\\\\jatan\\\\OneDrive\\\\Desktop\\\\AmazonClone\\\\amazon-clone\\\\functions\\\\node_modules\\\\firebase-admin\\\\lib\\\\index.js\"}"}}
[debug] [2025-10-18T23:45:28.066Z] [runtime-status] [32536] Resolved module firebase-admin {"declared":true,"installed":true,"version":"12.7.0","resolution":"C:\\Users\\jatan\\OneDrive\\Desktop\\AmazonClone\\amazon-clone\\functions\\node_modules\\firebase-admin\\lib\\index.js"} {"metadata":{"emulator":{"name":"functions"},"function":{"name":"us-central1-api"},"extension":{},"message":"[runtime-status] [32536] Resolved module firebase-admin {\"declared\":true,\"installed\":true,\"version\":\"12.7.0\",\"resolution\":\"C:\\\\Users\\\\jatan\\\\OneDrive\\\\Desktop\\\\AmazonClone\\\\amazon-clone\\\\functions\\\\node_modules\\\\firebase-admin\\\\lib\\\\index.js\"}"}}
[debug] [2025-10-18T23:45:28.066Z] [runtime-status] [24340] Resolved module firebase-functions {"declared":true,"installed":true,"version":"6.5.0","resolution":"C:\\Users\\jatan\\OneDrive\\Desktop\\AmazonClone\\amazon-clone\\functions\\node_modules\\firebase-functions\\lib\\v2\\index.js"} {"metadata":{"emulator":{"name":"functions"},"function":{"name":"us-central1-api"},"extension":{},"message":"[runtime-status] [24340] Resolved module firebase-functions {\"declared\":true,\"installed\":true,\"version\":\"6.5.0\",\"resolution\":\"C:\\\\Users\\\\jatan\\\\OneDrive\\\\Desktop\\\\AmazonClone\\\\amazon-clone\\\\functions\\\\node_modules\\\\firebase-functions\\\\lib\\\\v2\\\\index.js\"}"}}
[debug] [2025-10-18T23:45:28.066Z] [runtime-status] [32536] Resolved module firebase-functions {"declared":true,"installed":true,"version":"6.5.0","resolution":"C:\\Users\\jatan\\OneDrive\\Desktop\\AmazonClone\\amazon-clone\\functions\\node_modules\\firebase-functions\\lib\\v2\\index.js"} {"metadata":{"emulator":{"name":"functions"},"function":{"name":"us-central1-api"},"extension":{},"message":"[runtime-status] [32536] Resolved module firebase-functions {\"declared\":true,\"installed\":true,\"version\":\"6.5.0\",\"resolution\":\"C:\\\\Users\\\\jatan\\\\OneDrive\\\\Desktop\\\\AmazonClone\\\\amazon-clone\\\\functions\\\\node_modules\\\\firebase-functions\\\\lib\\\\v2\\\\index.js\"}"}}
[debug] [2025-10-18T23:45:28.067Z] [runtime-status] [24340] Outgoing network have been stubbed. [{"name":"http","status":"mocked"},{"name":"http","status":"mocked"},{"name":"https","status":"mocked"},{"name":"https","status":"mocked"},{"name":"net","status":"mocked"}] {"metadata":{"emulator":{"name":"functions"},"function":{"name":"us-central1-api"},"extension":{},"message":"[runtime-status] [24340] Outgoing network have been stubbed. [{\"name\":\"http\",\"status\":\"mocked\"},{\"name\":\"http\",\"status\":\"mocked\"},{\"name\":\"https\",\"status\":\"mocked\"},{\"name\":\"https\",\"status\":\"mocked\"},{\"name\":\"net\",\"status\":\"mocked\"}]"}}
[debug] [2025-10-18T23:45:28.067Z] [runtime-status] [32536] Outgoing network have been stubbed. [{"name":"http","status":"mocked"},{"name":"http","status":"mocked"},{"name":"https","status":"mocked"},{"name":"https","status":"mocked"},{"name":"net","status":"mocked"}] {"metadata":{"emulator":{"name":"functions"},"function":{"name":"us-central1-api"},"extension":{},"message":"[runtime-status] [32536] Outgoing network have been stubbed. [{\"name\":\"http\",\"status\":\"mocked\"},{\"name\":\"http\",\"status\":\"mocked\"},{\"name\":\"https\",\"status\":\"mocked\"},{\"name\":\"https\",\"status\":\"mocked\"},{\"name\":\"net\",\"status\":\"mocked\"}]"}}
[debug] [2025-10-18T23:45:28.067Z] [runtime-status] [24340] Resolved module firebase-functions {"declared":true,"installed":true,"version":"6.5.0","resolution":"C:\\Users\\jatan\\OneDrive\\Desktop\\AmazonClone\\amazon-clone\\functions\\node_modules\\firebase-functions\\lib\\v2\\index.js"} {"metadata":{"emulator":{"name":"functions"},"function":{"name":"us-central1-api"},"extension":{},"message":"[runtime-status] [24340] Resolved module firebase-functions {\"declared\":true,\"installed\":true,\"version\":\"6.5.0\",\"resolution\":\"C:\\\\Users\\\\jatan\\\\OneDrive\\\\Desktop\\\\AmazonClone\\\\amazon-clone\\\\functions\\\\node_modules\\\\firebase-functions\\\\lib\\\\v2\\\\index.js\"}"}}
[debug] [2025-10-18T23:45:28.068Z] [runtime-status] [32536] Resolved module firebase-functions {"declared":true,"installed":true,"version":"6.5.0","resolution":"C:\\Users\\jatan\\OneDrive\\Desktop\\AmazonClone\\amazon-clone\\functions\\node_modules\\firebase-functions\\lib\\v2\\index.js"} {"metadata":{"emulator":{"name":"functions"},"function":{"name":"us-central1-api"},"extension":{},"message":"[runtime-status] [32536] Resolved module firebase-functions {\"declared\":true,\"installed\":true,\"version\":\"6.5.0\",\"resolution\":\"C:\\\\Users\\\\jatan\\\\OneDrive\\\\Desktop\\\\AmazonClone\\\\amazon-clone\\\\functions\\\\node_modules\\\\firebase-functions\\\\lib\\\\v2\\\\index.js\"}"}}
[debug] [2025-10-18T23:45:28.325Z] [runtime-status] [32536] Checked functions.config() {"config":{}} {"metadata":{"emulator":{"name":"functions"},"function":{"name":"us-central1-api"},"extension":{},"message":"[runtime-status] [32536] Checked functions.config() {\"config\":{}}"}}
[debug] [2025-10-18T23:45:28.325Z] [runtime-status] [24340] Checked functions.config() {"config":{}} {"metadata":{"emulator":{"name":"functions"},"function":{"name":"us-central1-api"},"extension":{},"message":"[runtime-status] [24340] Checked functions.config() {\"config\":{}}"}}
[debug] [2025-10-18T23:45:28.325Z] [runtime-status] [32536] firebase-functions has been stubbed. {"functionsResolution":{"declared":true,"installed":true,"version":"6.5.0","resolution":"C:\\Users\\jatan\\OneDrive\\Desktop\\AmazonClone\\amazon-clone\\functions\\node_modules\\firebase-functions\\lib\\v2\\index.js"}} {"metadata":{"emulator":{"name":"functions"},"function":{"name":"us-central1-api"},"extension":{},"message":"[runtime-status] [32536] firebase-functions has been stubbed. {\"functionsResolution\":{\"declared\":true,\"installed\":true,\"version\":\"6.5.0\",\"resolution\":\"C:\\\\Users\\\\jatan\\\\OneDrive\\\\Desktop\\\\AmazonClone\\\\amazon-clone\\\\functions\\\\node_modules\\\\firebase-functions\\\\lib\\\\v2\\\\index.js\"}}"}}
[debug] [2025-10-18T23:45:28.326Z] [runtime-status] [24340] firebase-functions has been stubbed. {"functionsResolution":{"declared":true,"installed":true,"version":"6.5.0","resolution":"C:\\Users\\jatan\\OneDrive\\Desktop\\AmazonClone\\amazon-clone\\functions\\node_modules\\firebase-functions\\lib\\v2\\index.js"}} {"metadata":{"emulator":{"name":"functions"},"function":{"name":"us-central1-api"},"extension":{},"message":"[runtime-status] [24340] firebase-functions has been stubbed. {\"functionsResolution\":{\"declared\":true,\"installed\":true,\"version\":\"6.5.0\",\"resolution\":\"C:\\\\Users\\\\jatan\\\\OneDrive\\\\Desktop\\\\AmazonClone\\\\amazon-clone\\\\functions\\\\node_modules\\\\firebase-functions\\\\lib\\\\v2\\\\index.js\"}}"}}
[debug] [2025-10-18T23:45:28.326Z] [runtime-status] [32536] Resolved module firebase-functions {"declared":true,"installed":true,"version":"6.5.0","resolution":"C:\\Users\\jatan\\OneDrive\\Desktop\\AmazonClone\\amazon-clone\\functions\\node_modules\\firebase-functions\\lib\\v2\\index.js"} {"metadata":{"emulator":{"name":"functions"},"function":{"name":"us-central1-api"},"extension":{},"message":"[runtime-status] [32536] Resolved module firebase-functions {\"declared\":true,\"installed\":true,\"version\":\"6.5.0\",\"resolution\":\"C:\\\\Users\\\\jatan\\\\OneDrive\\\\Desktop\\\\AmazonClone\\\\amazon-clone\\\\functions\\\\node_modules\\\\firebase-functions\\\\lib\\\\v2\\\\index.js\"}"}}
[debug] [2025-10-18T23:45:28.326Z] [runtime-status] [24340] Resolved module firebase-functions {"declared":true,"installed":true,"version":"6.5.0","resolution":"C:\\Users\\jatan\\OneDrive\\Desktop\\AmazonClone\\amazon-clone\\functions\\node_modules\\firebase-functions\\lib\\v2\\index.js"} {"metadata":{"emulator":{"name":"functions"},"function":{"name":"us-central1-api"},"extension":{},"message":"[runtime-status] [24340] Resolved module firebase-functions {\"declared\":true,\"installed\":true,\"version\":\"6.5.0\",\"resolution\":\"C:\\\\Users\\\\jatan\\\\OneDrive\\\\Desktop\\\\AmazonClone\\\\amazon-clone\\\\functions\\\\node_modules\\\\firebase-functions\\\\lib\\\\v2\\\\index.js\"}"}}
[debug] [2025-10-18T23:45:28.331Z] [runtime-status] [24340] Resolved module firebase-admin {"declared":true,"installed":true,"version":"12.7.0","resolution":"C:\\Users\\jatan\\OneDrive\\Desktop\\AmazonClone\\amazon-clone\\functions\\node_modules\\firebase-admin\\lib\\index.js"} {"metadata":{"emulator":{"name":"functions"},"function":{"name":"us-central1-api"},"extension":{},"message":"[runtime-status] [24340] Resolved module firebase-admin {\"declared\":true,\"installed\":true,\"version\":\"12.7.0\",\"resolution\":\"C:\\\\Users\\\\jatan\\\\OneDrive\\\\Desktop\\\\AmazonClone\\\\amazon-clone\\\\functions\\\\node_modules\\\\firebase-admin\\\\lib\\\\index.js\"}"}}
[debug] [2025-10-18T23:45:28.332Z] [runtime-status] [32536] Resolved module firebase-admin {"declared":true,"installed":true,"version":"12.7.0","resolution":"C:\\Users\\jatan\\OneDrive\\Desktop\\AmazonClone\\amazon-clone\\functions\\node_modules\\firebase-admin\\lib\\index.js"} {"metadata":{"emulator":{"name":"functions"},"function":{"name":"us-central1-api"},"extension":{},"message":"[runtime-status] [32536] Resolved module firebase-admin {\"declared\":true,\"installed\":true,\"version\":\"12.7.0\",\"resolution\":\"C:\\\\Users\\\\jatan\\\\OneDrive\\\\Desktop\\\\AmazonClone\\\\amazon-clone\\\\functions\\\\node_modules\\\\firebase-admin\\\\lib\\\\index.js\"}"}}
[debug] [2025-10-18T23:45:28.334Z] [runtime-status] [32536] Resolved module firebase-functions {"declared":true,"installed":true,"version":"6.5.0","resolution":"C:\\Users\\jatan\\OneDrive\\Desktop\\AmazonClone\\amazon-clone\\functions\\node_modules\\firebase-functions\\lib\\v2\\index.js"} {"metadata":{"emulator":{"name":"functions"},"function":{"name":"us-central1-api"},"extension":{},"message":"[runtime-status] [32536] Resolved module firebase-functions {\"declared\":true,\"installed\":true,\"version\":\"6.5.0\",\"resolution\":\"C:\\\\Users\\\\jatan\\\\OneDrive\\\\Desktop\\\\AmazonClone\\\\amazon-clone\\\\functions\\\\node_modules\\\\firebase-functions\\\\lib\\\\v2\\\\index.js\"}"}}
[debug] [2025-10-18T23:45:28.335Z] [runtime-status] [24340] Resolved module firebase-functions {"declared":true,"installed":true,"version":"6.5.0","resolution":"C:\\Users\\jatan\\OneDrive\\Desktop\\AmazonClone\\amazon-clone\\functions\\node_modules\\firebase-functions\\lib\\v2\\index.js"} {"metadata":{"emulator":{"name":"functions"},"function":{"name":"us-central1-api"},"extension":{},"message":"[runtime-status] [24340] Resolved module firebase-functions {\"declared\":true,\"installed\":true,\"version\":\"6.5.0\",\"resolution\":\"C:\\\\Users\\\\jatan\\\\OneDrive\\\\Desktop\\\\AmazonClone\\\\amazon-clone\\\\functions\\\\node_modules\\\\firebase-functions\\\\lib\\\\v2\\\\index.js\"}"}}
[debug] [2025-10-18T23:45:28.335Z] [runtime-status] [32536] firebase-admin has been stubbed. {"adminResolution":{"declared":true,"installed":true,"version":"12.7.0","resolution":"C:\\Users\\jatan\\OneDrive\\Desktop\\AmazonClone\\amazon-clone\\functions\\node_modules\\firebase-admin\\lib\\index.js"}} {"metadata":{"emulator":{"name":"functions"},"function":{"name":"us-central1-api"},"extension":{},"message":"[runtime-status] [32536] firebase-admin has been stubbed. {\"adminResolution\":{\"declared\":true,\"installed\":true,\"version\":\"12.7.0\",\"resolution\":\"C:\\\\Users\\\\jatan\\\\OneDrive\\\\Desktop\\\\AmazonClone\\\\amazon-clone\\\\functions\\\\node_modules\\\\firebase-admin\\\\lib\\\\index.js\"}}"}}
[debug] [2025-10-18T23:45:28.335Z] [runtime-status] [24340] firebase-admin has been stubbed. {"adminResolution":{"declared":true,"installed":true,"version":"12.7.0","resolution":"C:\\Users\\jatan\\OneDrive\\Desktop\\AmazonClone\\amazon-clone\\functions\\node_modules\\firebase-admin\\lib\\index.js"}} {"metadata":{"emulator":{"name":"functions"},"function":{"name":"us-central1-api"},"extension":{},"message":"[runtime-status] [24340] firebase-admin has been stubbed. {\"adminResolution\":{\"declared\":true,\"installed\":true,\"version\":\"12.7.0\",\"resolution\":\"C:\\\\Users\\\\jatan\\\\OneDrive\\\\Desktop\\\\AmazonClone\\\\amazon-clone\\\\functions\\\\node_modules\\\\firebase-admin\\\\lib\\\\index.js\"}}"}}
[info] >  [dotenv@17.2.3] injecting env (0) from .env -- tip: ⚙️  enable debug logging with { debug: true } {"user":"[dotenv@17.2.3] injecting env (0) from .env -- tip: ⚙️  enable debug logging with { debug: true }","metadata":{"emulator":{"name":"functions"},"function":{"name":"us-central1-api"},"extension":{},"message":"\u001b[90m> \u001b[39m [dotenv@17.2.3] injecting env (0) from .env -- tip: ⚙️  enable debug logging with { debug: true }"}}
[info] >  [dotenv@17.2.3] injecting env (0) from .env -- tip: ⚙️  suppress all logs with { quiet: true } {"user":"[dotenv@17.2.3] injecting env (0) from .env -- tip: ⚙️  suppress all logs with { quiet: true }","metadata":{"emulator":{"name":"functions"},"function":{"name":"us-central1-api"},"extension":{},"message":"\u001b[90m> \u001b[39m [dotenv@17.2.3] injecting env (0) from .env -- tip: ⚙️  suppress all logs with { quiet: true }"}}
[debug] [2025-10-18T23:45:28.522Z] [runtime-status] [32536] Functions runtime initialized. {"cwd":"C:\\Users\\jatan\\OneDrive\\Desktop\\AmazonClone\\amazon-clone\\functions","node_version":"22.20.0"} {"metadata":{"emulator":{"name":"functions"},"function":{"name":"us-central1-api"},"extension":{},"message":"[runtime-status] [32536] Functions runtime initialized. {\"cwd\":\"C:\\\\Users\\\\jatan\\\\OneDrive\\\\Desktop\\\\AmazonClone\\\\amazon-clone\\\\functions\",\"node_version\":\"22.20.0\"}"}}
[debug] [2025-10-18T23:45:28.523Z] [runtime-status] [24340] Functions runtime initialized. {"cwd":"C:\\Users\\jatan\\OneDrive\\Desktop\\AmazonClone\\amazon-clone\\functions","node_version":"22.20.0"} {"metadata":{"emulator":{"name":"functions"},"function":{"name":"us-central1-api"},"extension":{},"message":"[runtime-status] [24340] Functions runtime initialized. {\"cwd\":\"C:\\\\Users\\\\jatan\\\\OneDrive\\\\Desktop\\\\AmazonClone\\\\amazon-clone\\\\functions\",\"node_version\":\"22.20.0\"}"}}
[debug] [2025-10-18T23:45:28.523Z] [runtime-status] [32536] Listening to port: \\?\pipe\fire_emu_d0ec4379c16264c5 {"metadata":{"emulator":{"name":"functions"},"function":{"name":"us-central1-api"},"extension":{},"message":"[runtime-status] [32536] Listening to port: \\\\?\\pipe\\fire_emu_d0ec4379c16264c5"}}
[debug] [2025-10-18T23:45:28.523Z] [runtime-status] [24340] Listening to port: \\?\pipe\fire_emu_a9a671f7764d5aac {"metadata":{"emulator":{"name":"functions"},"function":{"name":"us-central1-api"},"extension":{},"message":"[runtime-status] [24340] Listening to port: \\\\?\\pipe\\fire_emu_a9a671f7764d5aac"}}
[debug] [2025-10-18T23:45:28.570Z] [worker-us-central1-api-bac54fc6-d05b-4349-9f3b-8a9fb7ebac3f]: IDLE {"metadata":{"emulator":{"name":"functions"},"function":{"name":"us-central1-api"},"extension":{},"message":"[worker-us-central1-api-bac54fc6-d05b-4349-9f3b-8a9fb7ebac3f]: IDLE"}}
[debug] [2025-10-18T23:45:28.570Z] [worker-pool] submitRequest(triggerId=us-central1-api) {"metadata":{"emulator":{"name":"functions"},"message":"[worker-pool] submitRequest(triggerId=us-central1-api)"}}
[info] i  functions: Beginning execution of "us-central1-api" {"metadata":{"emulator":{"name":"functions"},"function":{"name":"us-central1-api"},"extension":{},"message":"Beginning execution of \"us-central1-api\""}}
[debug] [2025-10-18T23:45:28.571Z] [worker-us-central1-api-bac54fc6-d05b-4349-9f3b-8a9fb7ebac3f]: BUSY {"metadata":{"emulator":{"name":"functions"},"function":{"name":"us-central1-api"},"extension":{},"message":"[worker-us-central1-api-bac54fc6-d05b-4349-9f3b-8a9fb7ebac3f]: BUSY"}}
[info] >  Payment Request Recieved! 47800 {"user":"Payment Request Recieved! 47800","metadata":{"emulator":{"name":"functions"},"function":{"name":"us-central1-api"},"extension":{},"message":"\u001b[90m> \u001b[39m Payment Request Recieved! 47800"}}
[debug] [2025-10-18T23:45:28.577Z] [worker-us-central1-api-d843aac6-f69d-486c-a117-c8aa428759ef]: IDLE {"metadata":{"emulator":{"name":"functions"},"function":{"name":"us-central1-api"},"extension":{},"message":"[worker-us-central1-api-d843aac6-f69d-486c-a117-c8aa428759ef]: IDLE"}}
[debug] [2025-10-18T23:45:28.578Z] [worker-pool] submitRequest(triggerId=us-central1-api) {"metadata":{"emulator":{"name":"functions"},"message":"[worker-pool] submitRequest(triggerId=us-central1-api)"}}
[info] i  functions: Beginning execution of "us-central1-api" {"metadata":{"emulator":{"name":"functions"},"function":{"name":"us-central1-api"},"extension":{},"message":"Beginning execution of \"us-central1-api\""}}
[debug] [2025-10-18T23:45:28.578Z] [worker-us-central1-api-d843aac6-f69d-486c-a117-c8aa428759ef]: BUSY {"metadata":{"emulator":{"name":"functions"},"function":{"name":"us-central1-api"},"extension":{},"message":"[worker-us-central1-api-d843aac6-f69d-486c-a117-c8aa428759ef]: BUSY"}}
[info] >  Payment Request Recieved! 47800 {"user":"Payment Request Recieved! 47800","metadata":{"emulator":{"name":"functions"},"function":{"name":"us-central1-api"},"extension":{},"message":"\u001b[90m> \u001b[39m Payment Request Recieved! 47800"}}
[debug] [2025-10-18T23:45:28.958Z] Finishing up request with event=pause {"metadata":{"emulator":{"name":"functions"},"function":{"name":"us-central1-api"},"extension":{},"message":"Finishing up request with event=pause"}}
[info] i  functions: Finished "us-central1-api" in 380.062ms {"metadata":{"emulator":{"name":"functions"},"function":{"name":"us-central1-api"},"extension":{},"message":"Finished \"us-central1-api\" in 380.062ms"}}
[debug] [2025-10-18T23:45:28.959Z] [worker-us-central1-api-d843aac6-f69d-486c-a117-c8aa428759ef]: IDLE {"metadata":{"emulator":{"name":"functions"},"function":{"name":"us-central1-api"},"extension":{},"message":"[worker-us-central1-api-d843aac6-f69d-486c-a117-c8aa428759ef]: IDLE"}}
[debug] [2025-10-18T23:45:28.959Z] Finishing up request with event=finish {"metadata":{"emulator":{"name":"functions"},"function":{"name":"us-central1-api"},"extension":{},"message":"Finishing up request with event=finish"}}
[debug] [2025-10-18T23:45:28.959Z] Finishing up request with event=close {"metadata":{"emulator":{"name":"functions"},"function":{"name":"us-central1-api"},"extension":{},"message":"Finishing up request with event=close"}}
[debug] [2025-10-18T23:45:28.959Z] [work-queue] {"queuedWork":[],"queueLength":0,"runningWork":["/clone-fe64c/us-central1/api/payments/create-2025-10-18T23:45:26.886Z"],"workRunningCount":1}
[debug] [2025-10-18T23:45:29.230Z] Finishing up request with event=pause {"metadata":{"emulator":{"name":"functions"},"function":{"name":"us-central1-api"},"extension":{},"message":"Finishing up request with event=pause"}}
[info] i  functions: Finished "us-central1-api" in 659.4953ms {"metadata":{"emulator":{"name":"functions"},"function":{"name":"us-central1-api"},"extension":{},"message":"Finished \"us-central1-api\" in 659.4953ms"}}
[debug] [2025-10-18T23:45:29.231Z] [worker-us-central1-api-bac54fc6-d05b-4349-9f3b-8a9fb7ebac3f]: IDLE {"metadata":{"emulator":{"name":"functions"},"function":{"name":"us-central1-api"},"extension":{},"message":"[worker-us-central1-api-bac54fc6-d05b-4349-9f3b-8a9fb7ebac3f]: IDLE"}}
[debug] [2025-10-18T23:45:29.231Z] Finishing up request with event=finish {"metadata":{"emulator":{"name":"functions"},"function":{"name":"us-central1-api"},"extension":{},"message":"Finishing up request with event=finish"}}
[debug] [2025-10-18T23:45:29.231Z] Finishing up request with event=close {"metadata":{"emulator":{"name":"functions"},"function":{"name":"us-central1-api"},"extension":{},"message":"Finishing up request with event=close"}}
[debug] [2025-10-18T23:45:29.232Z] [work-queue] {"queuedWork":[],"queueLength":0,"runningWork":[],"workRunningCount":0}
[debug] [2025-10-18T23:46:04.457Z] [work-queue] {"queuedWork":["/clone-fe64c/us-central1/api/payments/create-2025-10-18T23:46:04.457Z"],"queueLength":1,"runningWork":[],"workRunningCount":0}
[debug] [2025-10-18T23:46:04.457Z] [work-queue] {"queuedWork":[],"queueLength":0,"runningWork":["/clone-fe64c/us-central1/api/payments/create-2025-10-18T23:46:04.457Z"],"workRunningCount":1}
[debug] [2025-10-18T23:46:04.457Z] Accepted request POST /clone-fe64c/us-central1/api/payments/create?total=101598 --> us-central1-api
[debug] [2025-10-18T23:46:04.460Z] [functions] Runtime ready! Sending request! {"metadata":{"emulator":{"name":"functions"},"message":"[functions] Runtime ready! Sending request!"}}
[debug] [2025-10-18T23:46:04.460Z] [functions] Got req.url=/clone-fe64c/us-central1/api/payments/create?total=101598, mapping to path=/payments/create?total=101598 {"metadata":{"emulator":{"name":"functions"},"message":"[functions] Got req.url=/clone-fe64c/us-central1/api/payments/create?total=101598, mapping to path=/payments/create?total=101598"}}
[debug] [2025-10-18T23:46:04.461Z] [worker-pool] submitRequest(triggerId=us-central1-api) {"metadata":{"emulator":{"name":"functions"},"message":"[worker-pool] submitRequest(triggerId=us-central1-api)"}}
[info] i  functions: Beginning execution of "us-central1-api" {"metadata":{"emulator":{"name":"functions"},"function":{"name":"us-central1-api"},"extension":{},"message":"Beginning execution of \"us-central1-api\""}}
[debug] [2025-10-18T23:46:04.461Z] [worker-us-central1-api-bac54fc6-d05b-4349-9f3b-8a9fb7ebac3f]: BUSY {"metadata":{"emulator":{"name":"functions"},"function":{"name":"us-central1-api"},"extension":{},"message":"[worker-us-central1-api-bac54fc6-d05b-4349-9f3b-8a9fb7ebac3f]: BUSY"}}
[debug] [2025-10-18T23:46:04.464Z] [work-queue] {"queuedWork":["/clone-fe64c/us-central1/api/payments/create-2025-10-18T23:46:04.464Z"],"queueLength":1,"runningWork":["/clone-fe64c/us-central1/api/payments/create-2025-10-18T23:46:04.457Z"],"workRunningCount":1}
[debug] [2025-10-18T23:46:04.465Z] [work-queue] {"queuedWork":[],"queueLength":0,"runningWork":["/clone-fe64c/us-central1/api/payments/create-2025-10-18T23:46:04.457Z","/clone-fe64c/us-central1/api/payments/create-2025-10-18T23:46:04.464Z"],"workRunningCount":2}
[debug] [2025-10-18T23:46:04.465Z] Accepted request POST /clone-fe64c/us-central1/api/payments/create?total=101598 --> us-central1-api
[debug] [2025-10-18T23:46:04.467Z] [functions] Runtime ready! Sending request! {"metadata":{"emulator":{"name":"functions"},"message":"[functions] Runtime ready! Sending request!"}}
[debug] [2025-10-18T23:46:04.468Z] [functions] Got req.url=/clone-fe64c/us-central1/api/payments/create?total=101598, mapping to path=/payments/create?total=101598 {"metadata":{"emulator":{"name":"functions"},"message":"[functions] Got req.url=/clone-fe64c/us-central1/api/payments/create?total=101598, mapping to path=/payments/create?total=101598"}}
[debug] [2025-10-18T23:46:04.468Z] [worker-pool] submitRequest(triggerId=us-central1-api) {"metadata":{"emulator":{"name":"functions"},"message":"[worker-pool] submitRequest(triggerId=us-central1-api)"}}
[info] i  functions: Beginning execution of "us-central1-api" {"metadata":{"emulator":{"name":"functions"},"function":{"name":"us-central1-api"},"extension":{},"message":"Beginning execution of \"us-central1-api\""}}
[debug] [2025-10-18T23:46:04.469Z] [worker-us-central1-api-d843aac6-f69d-486c-a117-c8aa428759ef]: BUSY {"metadata":{"emulator":{"name":"functions"},"function":{"name":"us-central1-api"},"extension":{},"message":"[worker-us-central1-api-d843aac6-f69d-486c-a117-c8aa428759ef]: BUSY"}}
[info] >  Payment Request Recieved! 101598 {"user":"Payment Request Recieved! 101598","metadata":{"emulator":{"name":"functions"},"function":{"name":"us-central1-api"},"extension":{},"message":"\u001b[90m> \u001b[39m Payment Request Recieved! 101598"}}
[info] >  Payment Request Recieved! 101598 {"user":"Payment Request Recieved! 101598","metadata":{"emulator":{"name":"functions"},"function":{"name":"us-central1-api"},"extension":{},"message":"\u001b[90m> \u001b[39m Payment Request Recieved! 101598"}}
[debug] [2025-10-18T23:46:04.666Z] Finishing up request with event=pause {"metadata":{"emulator":{"name":"functions"},"function":{"name":"us-central1-api"},"extension":{},"message":"Finishing up request with event=pause"}}
[info] i  functions: Finished "us-central1-api" in 205.1909ms {"metadata":{"emulator":{"name":"functions"},"function":{"name":"us-central1-api"},"extension":{},"message":"Finished \"us-central1-api\" in 205.1909ms"}}
[debug] [2025-10-18T23:46:04.667Z] [worker-us-central1-api-bac54fc6-d05b-4349-9f3b-8a9fb7ebac3f]: IDLE {"metadata":{"emulator":{"name":"functions"},"function":{"name":"us-central1-api"},"extension":{},"message":"[worker-us-central1-api-bac54fc6-d05b-4349-9f3b-8a9fb7ebac3f]: IDLE"}}
[debug] [2025-10-18T23:46:04.668Z] Finishing up request with event=finish {"metadata":{"emulator":{"name":"functions"},"function":{"name":"us-central1-api"},"extension":{},"message":"Finishing up request with event=finish"}}
[debug] [2025-10-18T23:46:04.668Z] Finishing up request with event=close {"metadata":{"emulator":{"name":"functions"},"function":{"name":"us-central1-api"},"extension":{},"message":"Finishing up request with event=close"}}
[debug] [2025-10-18T23:46:04.668Z] [work-queue] {"queuedWork":[],"queueLength":0,"runningWork":["/clone-fe64c/us-central1/api/payments/create-2025-10-18T23:46:04.464Z"],"workRunningCount":1}
[debug] [2025-10-18T23:46:04.714Z] Finishing up request with event=pause {"metadata":{"emulator":{"name":"functions"},"function":{"name":"us-central1-api"},"extension":{},"message":"Finishing up request with event=pause"}}
[info] i  functions: Finished "us-central1-api" in 245.5631ms {"metadata":{"emulator":{"name":"functions"},"function":{"name":"us-central1-api"},"extension":{},"message":"Finished \"us-central1-api\" in 245.5631ms"}}
[debug] [2025-10-18T23:46:04.715Z] [worker-us-central1-api-d843aac6-f69d-486c-a117-c8aa428759ef]: IDLE {"metadata":{"emulator":{"name":"functions"},"function":{"name":"us-central1-api"},"extension":{},"message":"[worker-us-central1-api-d843aac6-f69d-486c-a117-c8aa428759ef]: IDLE"}}
[debug] [2025-10-18T23:46:04.715Z] Finishing up request with event=finish {"metadata":{"emulator":{"name":"functions"},"function":{"name":"us-central1-api"},"extension":{},"message":"Finishing up request with event=finish"}}
[debug] [2025-10-18T23:46:04.715Z] Finishing up request with event=close {"metadata":{"emulator":{"name":"functions"},"function":{"name":"us-central1-api"},"extension":{},"message":"Finishing up request with event=close"}}
[debug] [2025-10-18T23:46:04.715Z] [work-queue] {"queuedWork":[],"queueLength":0,"runningWork":[],"workRunningCount":0}
